<?xml version="1.0" encoding="UTF-8"?>
<!-- Generated by org.testng.reporters.JUnitReportReporter -->
<testsuite hostname="shinu" failures="0" tests="2" name="Labfat.AppTest" time="0.015" errors="0" timestamp="2023-11-21T16:36:18 IST" skipped="0">
  <testcase classname="Labfat.AppTest" name="testlogin1" time="0.014"/>
  <system-out/>
  <testcase classname="Labfat.AppTest" name="testlogin2" time="0.001"/>
  <system-out/>
</testsuite> <!-- Labfat.AppTest -->
